<?xml version="1.0" encoding="UTF-8"?>
<!-- Generated by org.testng.reporters.JUnitXMLReporter -->
<testsuite ignored="0" hostname="DESKTOP-APEAPNV" failures="0" tests="5" name="Default test" time="14.672" errors="0" timestamp="2022-10-07T00:49:54 IST">
  <testcase classname="LoginForm.LoginFormTest" name="btestUserInput" time="2.38"/>
  <testcase classname="LoginForm.LoginFormTest" name="ctestUserPassword" time="2.211"/>
  <testcase classname="LoginForm.LoginFormTest" name="detestLink" time="2.205"/>
  <testcase classname="LoginForm.LoginFormTest" name="dtestCheckBox" time="2.207"/>
  <testcase classname="LoginForm.LoginFormTest" name="ftestLogInButton" time="2.234"/>
</testsuite> <!-- Default test -->
